Build started 17/11/2015 9:47:25 p.m..
     1>Project "F:\TTR\client\windows\project\TTRCppClient\TTRCppClient.vcxproj" on node 2 (Build target(s)).
     1>ClCompile:
         C:\Program Files (x86)\Microsoft Visual Studio 12.0\VC\bin\CL.exe /c /I..\headers /ZI /nologo /W3 /WX- /Od /Oy- /D WIN32 /D _DEBUG /D _CONSOLE /D _UNICODE /D UNICODE /Gm /EHsc /RTC1 /MDd /GS /fp:precise /Zc:wchar_t /Zc:forScope /Fo"Debug\\" /Fd"Debug\vc120.pdb" /Gd /TP /analyze- /errorReport:prompt RandomSolution.cpp
         RandomSolution.cpp
       Link:
         C:\Program Files (x86)\Microsoft Visual Studio 12.0\VC\bin\link.exe /ERRORREPORT:PROMPT /OUT:"F:\TTR\client\windows\project\Debug\TTRCppClient.exe" /INCREMENTAL /NOLOGO /LIBPATH:..\lib ws2_32.lib pthreadVC2.lib kernel32.lib user32.lib gdi32.lib winspool.lib comdlg32.lib advapi32.lib shell32.lib ole32.lib oleaut32.lib uuid.lib odbc32.lib odbccp32.lib /MANIFEST /MANIFESTUAC:"level='asInvoker' uiAccess='false'" /manifest:embed /DEBUG /PDB:"F:\TTR\client\windows\project\Debug\TTRCppClient.pdb" /SUBSYSTEM:CONSOLE /TLBID:1 /DYNAMICBASE /NXCOMPAT /IMPLIB:"F:\TTR\client\windows\project\Debug\TTRCppClient.lib" /MACHINE:X86 /SAFESEH Debug\main.obj
         Debug\TTRCard.obj
         Debug\TTRColor.obj
         Debug\TTRDeck.obj
         Debug\TTREdge.obj
         Debug\TTRGenerator.obj
         Debug\TTRMap.obj
         Debug\TTRMission.obj
         Debug\TTRNode.obj
         Debug\TTRPlayer.obj
         Debug\TTRTime.obj
         Debug\tinystr.obj
         Debug\tinyxml.obj
         Debug\tinyxmlerror.obj
         Debug\tinyxmlparser.obj
         Debug\RandomSolution.obj
         Debug\ArrayList.obj
         Debug\Mutex.obj
         Debug\Socket.obj
         Debug\String.obj
         Debug\Thread.obj
         Debug\TTRClient.obj
         Debug\TTRClientThread.obj
         TTRCppClient.vcxproj -> F:\TTR\client\windows\project\Debug\TTRCppClient.exe
     1>Done Building Project "F:\TTR\client\windows\project\TTRCppClient\TTRCppClient.vcxproj" (Build target(s)).

Build succeeded.

Time Elapsed 00:00:03.33
