i:\courses\ead\aiteit3\bity2\in613 c++ games\tickets to ride\tickettoride-framework-r6\c++\client\windows\project\ttrcppclient\debug\vc120.pdb
i:\courses\ead\aiteit3\bity2\in613 c++ games\tickets to ride\tickettoride-framework-r6\c++\client\windows\project\ttrcppclient\debug\vc120.idb
i:\courses\ead\aiteit3\bity2\in613 c++ games\tickets to ride\tickettoride-framework-r6\c++\client\windows\project\ttrcppclient\debug\ttrdeck.obj
i:\courses\ead\aiteit3\bity2\in613 c++ games\tickets to ride\tickettoride-framework-r6\c++\client\windows\project\ttrcppclient\debug\ttredge.obj
i:\courses\ead\aiteit3\bity2\in613 c++ games\tickets to ride\tickettoride-framework-r6\c++\client\windows\project\ttrcppclient\debug\ttrgenerator.obj
i:\courses\ead\aiteit3\bity2\in613 c++ games\tickets to ride\tickettoride-framework-r6\c++\client\windows\project\ttrcppclient\debug\ttrmap.obj
i:\courses\ead\aiteit3\bity2\in613 c++ games\tickets to ride\tickettoride-framework-r6\c++\client\windows\project\ttrcppclient\debug\ttrmission.obj
i:\courses\ead\aiteit3\bity2\in613 c++ games\tickets to ride\tickettoride-framework-r6\c++\client\windows\project\ttrcppclient\debug\ttrnode.obj
i:\courses\ead\aiteit3\bity2\in613 c++ games\tickets to ride\tickettoride-framework-r6\c++\client\windows\project\ttrcppclient\debug\ttrplayer.obj
i:\courses\ead\aiteit3\bity2\in613 c++ games\tickets to ride\tickettoride-framework-r6\c++\client\windows\project\ttrcppclient\debug\ttrtime.obj
i:\courses\ead\aiteit3\bity2\in613 c++ games\tickets to ride\tickettoride-framework-r6\c++\client\windows\project\ttrcppclient\debug\tinystr.obj
i:\courses\ead\aiteit3\bity2\in613 c++ games\tickets to ride\tickettoride-framework-r6\c++\client\windows\project\ttrcppclient\debug\tinyxml.obj
i:\courses\ead\aiteit3\bity2\in613 c++ games\tickets to ride\tickettoride-framework-r6\c++\client\windows\project\ttrcppclient\debug\tinyxmlerror.obj
i:\courses\ead\aiteit3\bity2\in613 c++ games\tickets to ride\tickettoride-framework-r6\c++\client\windows\project\ttrcppclient\debug\tinyxmlparser.obj
i:\courses\ead\aiteit3\bity2\in613 c++ games\tickets to ride\tickettoride-framework-r6\c++\client\windows\project\ttrcppclient\debug\randomsolution.obj
i:\courses\ead\aiteit3\bity2\in613 c++ games\tickets to ride\tickettoride-framework-r6\c++\client\windows\project\ttrcppclient\debug\arraylist.obj
i:\courses\ead\aiteit3\bity2\in613 c++ games\tickets to ride\tickettoride-framework-r6\c++\client\windows\project\ttrcppclient\debug\mutex.obj
i:\courses\ead\aiteit3\bity2\in613 c++ games\tickets to ride\tickettoride-framework-r6\c++\client\windows\project\ttrcppclient\debug\socket.obj
i:\courses\ead\aiteit3\bity2\in613 c++ games\tickets to ride\tickettoride-framework-r6\c++\client\windows\project\ttrcppclient\debug\string.obj
i:\courses\ead\aiteit3\bity2\in613 c++ games\tickets to ride\tickettoride-framework-r6\c++\client\windows\project\ttrcppclient\debug\thread.obj
i:\courses\ead\aiteit3\bity2\in613 c++ games\tickets to ride\tickettoride-framework-r6\c++\client\windows\project\ttrcppclient\debug\ttrclient.obj
i:\courses\ead\aiteit3\bity2\in613 c++ games\tickets to ride\tickettoride-framework-r6\c++\client\windows\project\ttrcppclient\debug\ttrclientthread.obj
i:\courses\ead\aiteit3\bity2\in613 c++ games\tickets to ride\tickettoride-framework-r6\c++\client\windows\project\ttrcppclient\debug\main.obj
i:\courses\ead\aiteit3\bity2\in613 c++ games\tickets to ride\tickettoride-framework-r6\c++\client\windows\project\ttrcppclient\debug\ttrcard.obj
i:\courses\ead\aiteit3\bity2\in613 c++ games\tickets to ride\tickettoride-framework-r6\c++\client\windows\project\ttrcppclient\debug\ttrcolor.obj
i:\courses\ead\aiteit3\bity2\in613 c++ games\tickets to ride\tickettoride-framework-r6\c++\client\windows\project\ttrcppclient\debug\ttrcppclient.exe.embed.manifest
i:\courses\ead\aiteit3\bity2\in613 c++ games\tickets to ride\tickettoride-framework-r6\c++\client\windows\project\ttrcppclient\debug\ttrcppclient.exe.intermediate.manifest
i:\courses\ead\aiteit3\bity2\in613 c++ games\tickets to ride\tickettoride-framework-r6\c++\client\windows\project\ttrcppclient\debug\ttrcppclient.exe.embed.manifest.res
i:\courses\ead\aiteit3\bity2\in613 c++ games\tickets to ride\tickettoride-framework-r6\c++\client\windows\project\ttrcppclient\debug\vc90.idb
i:\courses\ead\aiteit3\bity2\in613 c++ games\tickets to ride\tickettoride-framework-r6\c++\client\windows\project\ttrcppclient\debug\vc90.pdb
i:\courses\ead\aiteit3\bity2\in613 c++ games\tickets to ride\tickettoride-framework-r6\c++\client\windows\project\debug\ttrcppclient.pdb
i:\courses\ead\aiteit3\bity2\in613 c++ games\tickets to ride\tickettoride-framework-r6\c++\client\windows\project\ttrcppclient\debug\ttrcppclient.tlog\cl.command.1.tlog
i:\courses\ead\aiteit3\bity2\in613 c++ games\tickets to ride\tickettoride-framework-r6\c++\client\windows\project\ttrcppclient\debug\ttrcppclient.tlog\cl.read.1.tlog
i:\courses\ead\aiteit3\bity2\in613 c++ games\tickets to ride\tickettoride-framework-r6\c++\client\windows\project\ttrcppclient\debug\ttrcppclient.tlog\cl.write.1.tlog
i:\courses\ead\aiteit3\bity2\in613 c++ games\tickets to ride\tickettoride-framework-r6\c++\client\windows\project\ttrcppclient\debug\ttrcppclient.tlog\link-cvtres.read.1.tlog
i:\courses\ead\aiteit3\bity2\in613 c++ games\tickets to ride\tickettoride-framework-r6\c++\client\windows\project\ttrcppclient\debug\ttrcppclient.tlog\link-cvtres.write.1.tlog
i:\courses\ead\aiteit3\bity2\in613 c++ games\tickets to ride\tickettoride-framework-r6\c++\client\windows\project\ttrcppclient\debug\ttrcppclient.tlog\link-rc.read.1.tlog
i:\courses\ead\aiteit3\bity2\in613 c++ games\tickets to ride\tickettoride-framework-r6\c++\client\windows\project\ttrcppclient\debug\ttrcppclient.tlog\link-rc.write.1.tlog
i:\courses\ead\aiteit3\bity2\in613 c++ games\tickets to ride\tickettoride-framework-r6\c++\client\windows\project\ttrcppclient\debug\ttrcppclient.tlog\link.command.1.tlog
i:\courses\ead\aiteit3\bity2\in613 c++ games\tickets to ride\tickettoride-framework-r6\c++\client\windows\project\ttrcppclient\debug\ttrcppclient.tlog\link.read.1.tlog
i:\courses\ead\aiteit3\bity2\in613 c++ games\tickets to ride\tickettoride-framework-r6\c++\client\windows\project\ttrcppclient\debug\ttrcppclient.tlog\link.write.1.tlog
